<?xml version="1.0" encoding="UTF-8" standalone="no"?><testsuites><testsuite errors="0" failures="0" hostname="25911fb8_samsung_SAMSUNG-SGH-I747" name="com.etherealnation.gen10.test" tests="1" time="0.3360" timestamp="Tue Sep 17 11:35:01 EDT 2013"><properties><property name="java.runtime.name" value="Java(TM) SE Runtime Environment"/><property name="sun.boot.library.path" value="/System/Library/Java/JavaVirtualMachines/1.6.0.jdk/Contents/Libraries"/><property name="java.vm.version" value="20.51-b01-457"/><property name="awt.nativeDoubleBuffering" value="true"/><property name="gopherProxySet" value="false"/><property name="mrj.build" value="11M4509"/><property name="java.vm.vendor" value="Apple Inc."/><property name="java.vendor.url" value="http://www.apple.com/"/><property name="guice.disable.misplaced.annotation.check" value="true"/><property name="path.separator" value=":"/><property name="java.vm.name" value="Java HotSpot(TM) 64-Bit Server VM"/><property name="file.encoding.pkg" value="sun.io"/><property name="sun.java.launcher" value="SUN_STANDARD"/><property name="user.country" value="US"/><property name="sun.os.patch.level" value="unknown"/><property name="java.vm.specification.name" value="Java Virtual Machine Specification"/><property name="user.dir" value="/Users/lcreasy/Documents/lee/gen10"/><property name="java.runtime.version" value="1.6.0_51-b11-457-11M4509"/><property name="java.awt.graphicsenv" value="apple.awt.CGraphicsEnvironment"/><property name="java.endorsed.dirs" value="/System/Library/Java/JavaVirtualMachines/1.6.0.jdk/Contents/Home/lib/endorsed"/><property name="os.arch" value="x86_64"/><property name="java.io.tmpdir" value="/var/folders/5c/72zvw0jx2zg3_7lyxh8s1_bhnhwbzg/T/"/><property name="line.separator" value="&#10;"/><property name="java.vm.specification.vendor" value="Sun Microsystems Inc."/><property name="os.name" value="Mac OS X"/><property name="classworlds.conf" value="/usr/share/maven/bin/m2.conf"/><property name="sun.jnu.encoding" value="MacRoman"/><property name="java.library.path" value=".:/Library/Java/Extensions:/System/Library/Java/Extensions:/usr/lib/java"/><property name="java.specification.name" value="Java Platform API Specification"/><property name="java.class.version" value="50.0"/><property name="sun.management.compiler" value="HotSpot 64-Bit Tiered Compilers"/><property name="os.version" value="10.8.4"/><property name="http.nonProxyHosts" value="local|*.local|169.254/16|*.169.254/16"/><property name="user.home" value="/Users/lcreasy"/><property name="user.timezone" value="America/New_York"/><property name="java.awt.printerjob" value="apple.awt.CPrinterJob"/><property name="file.encoding" value="MacRoman"/><property name="java.specification.version" value="1.6"/><property name="java.class.path" value="/usr/share/maven/boot/plexus-classworlds-2.4.jar"/><property name="user.name" value="lcreasy"/><property name="java.vm.specification.version" value="1.0"/><property name="sun.java.command" value="org.codehaus.plexus.classworlds.launcher.Launcher clean install"/><property name="java.home" value="/System/Library/Java/JavaVirtualMachines/1.6.0.jdk/Contents/Home"/><property name="sun.arch.data.model" value="64"/><property name="user.language" value="en"/><property name="java.specification.vendor" value="Sun Microsystems Inc."/><property name="awt.toolkit" value="apple.awt.CToolkit"/><property name="java.vm.info" value="mixed mode"/><property name="java.version" value="1.6.0_51"/><property name="java.ext.dirs" value="/Library/Java/Extensions:/System/Library/Java/Extensions:/System/Library/Java/JavaVirtualMachines/1.6.0.jdk/Contents/Home/lib/ext"/><property name="sun.boot.class.path" value="/System/Library/Java/JavaVirtualMachines/1.6.0.jdk/Contents/Classes/jsfd.jar:/System/Library/Java/JavaVirtualMachines/1.6.0.jdk/Contents/Classes/classes.jar:/System/Library/Frameworks/JavaVM.framework/Frameworks/JavaRuntimeSupport.framework/Resources/Java/JavaRuntimeSupport.jar:/System/Library/Java/JavaVirtualMachines/1.6.0.jdk/Contents/Classes/ui.jar:/System/Library/Java/JavaVirtualMachines/1.6.0.jdk/Contents/Classes/laf.jar:/System/Library/Java/JavaVirtualMachines/1.6.0.jdk/Contents/Classes/sunrsasign.jar:/System/Library/Java/JavaVirtualMachines/1.6.0.jdk/Contents/Classes/jsse.jar:/System/Library/Java/JavaVirtualMachines/1.6.0.jdk/Contents/Classes/jce.jar:/System/Library/Java/JavaVirtualMachines/1.6.0.jdk/Contents/Classes/charsets.jar"/><property name="java.vendor" value="Apple Inc."/><property name="maven.home" value="/usr/share/maven"/><property name="file.separator" value="/"/><property name="java.vendor.url.bug" value="http://bugreport.apple.com/"/><property name="sun.io.unicode.encoding" value="UnicodeLittle"/><property name="sun.cpu.endian" value="little"/><property name="mrj.version" value="1070.1.6.0_51-457"/><property name="socksNonProxyHosts" value="local|*.local|169.254/16|*.169.254/16"/><property name="ftp.nonProxyHosts" value="local|*.local|169.254/16|*.169.254/16"/><property name="sun.cpu.isalist" value=""/><property name="ro.product.manufacturer" value="samsung"/><property name="persist.cne.feature" value="0"/><property name="init.svc.secril-daemon" value="running"/><property name="sys.settings_secure_version" value="2"/><property name="init.svc.BCS-daemon" value="running"/><property name="net.tcp.buffersize.hsupa" value="4092,87380,704512,4096,16384,262144"/><property name="persist.rild.nitz_plmn" value=""/><property name="net.webkit.cache.size" value="12582912"/><property name="init.svc.netmgrd" value="running"/><property name="persist.sys.profiler_ms" value="0"/><property name="init.svc.ueventd" value="running"/><property name="media.stagefright.enable-scan" value="true"/><property name="init.svc.mobex-daemon" value="running"/><property name="ro.product.model" value="SAMSUNG-SGH-I747"/><property name="gsm.operator.iso-country" value="us"/><property name="ro.boot.debug_level" value="0x4f4c"/><property name="init.svc.qcom-post-fs" value="stopped"/><property name="media.stagefright.enable-http" value="true"/><property name="ril.official_cscver" value="I747ATTDLK3"/><property name="init.svc.qcom-usb-sh" value="stopped"/><property name="dalvik.vm.heapidealfree" value="8388608"/><property name="ro.bootloader" value="I747UCDLK3"/><property name="ril.model_id" value=""/><property name="init.svc.vold" value="running"/><property name="ro.boot.serialno" value="25911fb8"/><property name="ril.modem.board" value="MSM8960"/><property name="keyguard.no_require_sim" value="true"/><property name="net.hostname" value="android-e485a4e50348c328"/><property name="persist.audio.fluence.mode" value="endfire"/><property name="ro.build.version.sdk" value="16"/><property name="net.nw.cache.prioadvstep" value="86400000"/><property name="sys.usb.config" value="mtp,adb"/><property name="service.media.powersnd" value="1"/><property name="init.svc.time_daemon" value="running"/><property name="debug.composition.type" value="dyn"/><property name="persist.audio.handset.mic" value="digital"/><property name="ril.ecclist0" value="911,112,08,000,110,118,119,999"/><property name="init.svc.DR-daemon" value="running"/><property name="ro.bootchg" value="unknown"/><property name="ril.ecclist" value="911,*911,#911,112,000,08,110,999,118,119"/><property name="debug.egl.hw" value="1"/><property name="ril.sales_code" value="ATT"/><property name="sys.settings_system_version" value="17"/><property name="persist.cne.bat.range.low.med" value="30"/><property name="persist.rild.nitz_short_ons_3" value=""/><property name="gsm.operator.isroaming" value="false"/><property name="persist.rild.nitz_short_ons_0" value=""/><property name="persist.rild.nitz_short_ons_1" value=""/><property name="persist.rild.nitz_short_ons_2" value=""/><property name="persist.radio.sglte.mode_pref" value="9"/><property name="dhcp.wlan0.dns3" value=""/><property name="net.tcp.buffersize.evdo_b" value="4094,87380,262144,4096,16384,262144"/><property name="dhcp.wlan0.dns2" value="10.22.128.3"/><property name="dhcp.wlan0.dns1" value="10.22.128.2"/><property name="sys.service_manager_ready" value="1"/><property name="persist.audio.headsetsysvolume" value="4"/><property name="ro.com.google.clientidbase.yt" value="android-samsung"/><property name="ril.prl_num" value="0"/><property name="DEVICE_PROVISIONED" value="1"/><property name="persist.cne.rat.acq.retry.tout" value="0"/><property name="ro.bt.bdaddr_path" value="/efs/bluetooth/bt_addr"/><property name="ro.allow.mock.location" value="0"/><property name="dhcp.wlan0.dns4" value=""/><property name="ro.com.google.apphider" value="off"/><property name="ro.nfc.port" value="I2C"/><property name="ro.emmc_checksum" value="3"/><property name="ro.boot.baseband" value="msm"/><property name="net.tcp.buffersize.wifi" value="524288,1048576,2097152,262144,524288,1048576"/><property name="persist.radio.apm_sim_not_pwdn" value="1"/><property name="wlan.driver.ath" value="0"/><property name="ro.csc.countryiso_code" value="US"/><property name="ril.sw_ver" value="I747UCDLK3"/><property name="ro.csc.country_code" value="USA"/><property name="ril.hw_ver" value="REV0.4"/><property name="gsm.version.baseband" value="I747UCDLK3"/><property name="ro.boot.nvdata_backup" value="0"/><property name="persist.fuse_sdcard" value="true"/><property name="ro.error.receiver.default" value="com.samsung.receiver.error"/><property name="persist.audio.hphonesysvolume" value="4"/><property name="ro.product.brand" value="samsung"/><property name="debug.compbypass.enable" value="1"/><property name="ril.deviceOffRes" value="0"/><property name="dhcp.wlan0.result" value="ok"/><property name="ro.debug_level" value="0x4f4c"/><property name="ro.ril.transmitpower" value="true"/><property name="ro.ril.hsxpa" value="1"/><property name="ro.product.device" value="d2att"/><property name="ro.build.changelist" value="274808"/><property name="dev.bootcomplete" value="1"/><property name="mpq.audio.decode" value="true"/><property name="ril.modem_sim_status" value="1"/><property name="gsm.sim.state" value="ABSENT"/><property name="ril.eri_num" value="0"/><property name="net.http.idle_cache.shutdown" value="true"/><property name="ro.warmboot.capability" value="1"/><property name="net.http.getzip" value="1"/><property name="ro.hardware" value="qcom"/><property name="ro.qualcomm.bluetooth.map" value="true"/><property name="ro.boot.emmc_checksum" value="3"/><property name="ro.build.id" value="JRO03L"/><property name="ril.rfcal_date" value="2012.10.20"/><property name="init.svc.qcamerasvr" value="running"/><property name="persist.timed.enable" value="true"/><property name="init.svc.gsiff_daemon" value="running"/><property name="net.tcp.buffersize.hspap" value="4092,87380,704512,4096,16384,262144"/><property name="init.svc.immvibed" value="stopped"/><property name="init.svc.samsungani" value="stopped"/><property name="rild.libpath" value="/system/lib/libril-qc-qmi-1.so"/><property name="sys.boot_completed" value="1"/><property name="ro.product.name" value="d2uc"/><property name="net.change" value="net.dnschange"/><property name="ro.build.tags" value="release-keys"/><property name="init.svc.icd" value="stopped"/><property name="persist.cne.bat.based.rat.mgt" value="false"/><property name="ro.fuse_sdcard" value="true"/><property name="net.http.threads" value="10"/><property name="init.svc.drm" value="running"/><property name="ro.build.version.codename" value="REL"/><property name="net.rmnet1.dns2" value=""/><property name="net.rmnet1.dns1" value=""/><property name="dalvik.vm.heapconcurrentstart" value="2097152"/><property name="ro.product.cpu.abi" value="armeabi-v7a"/><property name="rild.libargs" value="-d /dev/smd0"/><property name="dhcp.wlan0.pid" value="4839"/><property name="ro.button_key_light" value="6000"/><property name="dalvik.vm.heaputilization" value="0.25"/><property name="ro.sf.lcd_density" value="320"/><property name="dhcp.wlan0.vendorInfo" value="\361\010\331\025?b[x+b"/><property name="dalvik.vm.heapsize" value="256m"/><property name="dalvik.vm.stack-trace-file" value="/data/anr/traces.txt"/><property name="ro.com.google.clientidbase" value="android-samsung"/><property name="ro.adb.qemud" value="1"/><property name="net.tcp.buffersize.edge" value="4093,26280,35040,4096,16384,35040"/><property name="ro.serialno" value="25911fb8"/><property name="init.svc.KIES-daemon" value="running"/><property name="net.wlan0.dns1" value="49.0.0.0"/><property name="net.wlan0.dns2" value="49.0.0.0"/><property name="ro.com.google.clientidbase.ms" value="android-att-us"/><property name="ro.com.google.clientidbase.gmm" value="android-samsung"/><property name="ro.boot.boot_recovery" value="0"/><property name="ril.approved_codever" value="none"/><property name="ro.build.date" value="Thu Nov 15 15:56:47 KST 2012"/><property name="ro.hwui.text_cache_width" value="2048"/><property name="net.http.idle_cache.size" value="40"/><property name="debug.enable.wl_log" value="1"/><property name="vold.post_fs_data_done" value="1"/><property name="wlan.driver.status" value="ok"/><property name="ro.product.cpu.abi2" value="armeabi"/><property name="ro.hdcp2.rx" value="tz"/><property name="media.stagefright.enable-qcp" value="true"/><property name="persist.audio.vr.enable" value="false"/><property name="init.svc.zygote" value="running"/><property name="wlan.driver.config" value="/data/misc/wifi/WCNSS_qcom_cfg.ini"/><property name="init.svc.servicemanager" value="running"/><property name="wlan.wfd.status" value="disconnected"/><property name="ro.product_ship" value="true"/><property name="ro.build.user" value="se.infra"/><property name="init.svc.TvoutService_C" value="running"/><property name="ro.config.ringtone" value="ATT_Firefly_Default.ogg"/><property name="ro.boot.hardware" value="qcom"/><property name="init.svc.qseecomd" value="running"/><property name="init.svc.cnd" value="running"/><property name="ro.kernel.qemu" value="0"/><property name="ro.secure" value="1"/><property name="ro.carrier" value="unknown"/><property name="ro.build.type" value="user"/><property name="persist.cne.rat.acq.time.out" value="30000"/><property name="ro.build.version.incremental" value="I747UCDLK3"/><property name="init.svc.adbd" value="running"/><property name="net.dns.cache_ttl" value="600"/><property name="ro.qualcomm.bluetooth.hsp" value="true"/><property name="sys.qseecomd.enable" value="true"/><property name="dev.kiessupport" value="TRUE"/><property name="gsm.operator.alpha" value=""/><property name="net.rmnet2.dns1" value=""/><property name="persist.sys.videomode" value="0"/><property name="net.dns2" value="10.22.128.3"/><property name="net.dns1" value="10.22.128.2"/><property name="init.svc.rmt_storage" value="running"/><property name="init.svc.ril-daemon" value="running"/><property name="net.rmnet2.dns2" value=""/><property name="persist.sys.storage_preload" value="2"/><property name="ro.qualcomm.bluetooth.ftp" value="true"/><property name="persist.cne.loc.policy.op" value="/system/etc/OperatorPolicy.xml"/><property name="ro.qualcomm.bluetooth.dun" value="false"/><property name="ro.build.PDA" value="I747UCDLK3"/><property name="ro.qualcomm.bluetooth.nap" value="true"/><property name="ro.debuggable" value="0"/><property name="debug.hwui.render_dirty_regions" value="true"/><property name="persist.sys.usb.config" value="mtp,adb"/><property name="debug.mdpcomp.maxlayer" value="3"/><property name="lpa.decode" value="true"/><property name="net.rmnet0.dns1" value=""/><property name="persist.cne.loc.policy.user" value="/system/etc/UserPolicy.xml"/><property name="net.rmnet0.dns2" value=""/><property name="init.svc.debuggerd" value="running"/><property name="media.stagefright.enable-aac" value="true"/><property name="ro.cp_debug_level" value="0x55FF"/><property name="init.svc.qcom-sh" value="stopped"/><property name="system_init.startsurfaceflinger" value="0"/><property name="init.svc.qrngd" value="running"/><property name="persist.sys.language" value=""/><property name="ro.boot.emmc" value="true"/><property name="wlan.wfd.tcp" value="0"/><property name="persist.sys.flipfontpath" value="default"/><property name="ro.factorytest" value="0"/><property name="init.svc.qmiproxy" value="running"/><property name="ro.build.fingerprint" value="samsung/d2uc/d2att:4.1.1/JRO03L/I747UCDLK3:user/release-keys"/><property name="service.bootanim.exit" value="1"/><property name="ro.build.product" value="d2att"/><property name="net.dnschange" value="2"/><property name="init.svc.diag_uart_log" value="running"/><property name="ro.boot.cp_debug_level" value="0x55FF"/><property name="ro.setupwizard.mode" value="OPTIONAL"/><property name="init.svc.mpdecision" value="running"/><property name="ro.bluetooth.remote.autoconnect" value="true"/><property name="init.svc.p2p_supplicant" value="running"/><property name="net.bt.name" value="Android"/><property name="net.dns.cache_size" value="512"/><property name="af.resampler.quality" value="255"/><property name="net.webkit.cache.mindeadsize" value="4194304"/><property name="ril.atd_status" value="1_1"/><property name="init.svc.wpa_supplicant" value="running"/><property name="ro.com.google.clientidbase.am" value="android-att-us"/><property name="ro.bootmode" value="unknown"/><property name="ro.baseband" value="msm"/><property name="ro.runtime.firstboot" value="1364305513657"/><property name="ro.build.host" value="SEP-103"/><property name="debug.sf.hw" value="1"/><property name="ro.build.display.id" value="JRO03L.I747UCDLK3"/><property name="dhcp.wlan0.server" value="10.22.128.2"/><property name="ro.revision" value="16"/><property name="persist.gps.qmienabled" value="true"/><property name="persist.radio.voip_enabled" value="0"/><property name="init.svc.secstarter" value="running"/><property name="ro.qualcomm.bluetooth.opp" value="true"/><property name="ro.chipname" value="MSM8960"/><property name="ro.product.locale.region" value="GB"/><property name="init.svc.sdcard" value="running"/><property name="wifi.interface" value="wlan0"/><property name="persist.sys.timezone" value="America/New_York"/><property name="init.svc.qosmgrd" value="running"/><property name="media.stagefright.enable-fma2dp" value="true"/><property name="dev.MDPLimitCondition" value="0"/><property name="gsm.operator.numeric" value="310410"/><property name="ril.approved_modemver" value="none"/><property name="init.svc.DTT-daemon" value="running"/><property name="init.svc.dbus" value="running"/><property name="ro.crypto.state" value="unencrypted"/><property name="ro.qualcomm.bluetooth.hfp" value="true"/><property name="dalvik.vm.heapstartsize" value="8m"/><property name="init.svc.ppd" value="running"/><property name="ro.boot.bootloader" value="I747UCDLK3"/><property name="mmp.enable.3g2" value="true"/><property name="persist.radio.add_power_save" value="1"/><property name="ro.bluetooth.hfp.ver" value="1.6"/><property name="net.tcp.buffersize.hsdpa" value="4092,87380,704512,4096,16384,110208"/><property name="persist.sys.localevar" value=""/><property name="init.svc.at_distributor" value="running"/><property name="ro.qualcomm.bluetooth.sap" value="true"/><property name="ro.boot.batt_check_recovery" value="0"/><property name="ril.serialnumber" value="R21CA3XVLJM"/><property name="persist.audio.allsoundmute" value="0"/><property name="ro.qualcomm.bt.hci_transport" value="smd"/><property name="ro.config.notification_sound" value="S_Whistle.ogg"/><property name="ro.build.date.utc" value="1352962607"/><property name="ro.board.platform" value="msm8960"/><property name="net.rmnet0.gw" value=""/><property name="init.svc.atfwd" value="running"/><property name="ro.product.locale.language" value="en"/><property name="net.rmnet2.gw" value=""/><property name="ril.approved_cscver" value="none"/><property name="ro.use_data_netmgrd" value="true"/><property name="persist.cne.snsr.based.rat.mgt" value="false"/><property name="ro.qualcomm.cabl" value="1"/><property name="persist.sys.camera.transform" value="0"/><property name="ro.monkey" value="0"/><property name="init.svc.keystore" value="running"/><property name="persist.audio.ringermode" value="0"/><property name="persist.radio.adb_log_on" value="1"/><property name="persist.audio.sysvolume" value="4"/><property name="ro.vendor.extension_library" value="/system/lib/libqc-opt.so"/><property name="persist.rild.nitz_long_ons_0" value=""/><property name="init.svc.netd" value="running"/><property name="persist.rild.nitz_long_ons_2" value=""/><property name="persist.rild.nitz_long_ons_1" value=""/><property name="ro.build.characteristics" value="att"/><property name="persist.rild.nitz_long_ons_3" value=""/><property name="init.svc.qmuxd" value="running"/><property name="ril.product_code" value="SGH-I747ZRBATT"/><property name="ro.build.hidden_ver" value="I747UCDLK3"/><property name="persist.sys.camera.connect" value="0"/><property name="ro.com.android.dateformat" value="MM-dd-yyyy"/><property name="net.tcp.buffersize.lte" value="524288,1048576,2560000,262144,524288,1220608"/><property name="ro.sec.fle.encryption" value="true"/><property name="net.tcp.buffersize.default" value="4096,87380,110208,4096,16384,110208"/><property name="net.tcp.buffersize.umts" value="4094,87380,110208,4096,16384,110208"/><property name="sys.usb.state" value="mtp,adb"/><property name="ro.bluetooth.request.master" value="true"/><property name="net.webkit.cache.maxdeadsize" value="4194304"/><property name="ro.config.alarm_alert" value="Walk_in_the_forest.ogg"/><property name="net.nw.cache.orderby" value="weight"/><property name="gsm.version.ril-impl" value="Qualcomm RIL 1.0"/><property name="ro.product.board" value="MSM8960"/><property name="ro.qualcomm.bluetooth.pbap" value="true"/><property name="ro.build.description" value="d2uc-user 4.1.1 JRO03L I747UCDLK3 release-keys"/><property name="init.svc.media" value="running"/><property name="net.rmnet1.gw" value=""/><property name="ro.emmc" value="true"/><property name="ril.subscription.types" value="NV,RUIM"/><property name="dalvik.vm.heapgrowthlimit" value="64m"/><property name="persist.cne.bat.range.med.high" value="60"/><property name="sys.media.vdec.sw" value="0"/><property name="persist.radio.mem_leak_debug" value="0"/><property name="persist.cne.bwbased.rat.sel" value="false"/><property name="ril.CardSlotStatus" value="0"/><property name="init.svc.surfaceflinger" value="running"/><property name="dhcp.wlan0.ipaddress" value="10.22.128.125"/><property name="init.svc.qcom-c_main-sh" value="stopped"/><property name="init.svc.dhcpcd_wlan0" value="running"/><property name="persist.sys.country" value=""/><property name="ro.nvdata_backup" value="0"/><property name="net.tcp.buffersize.gprs" value="4092,8760,11680,4096,8760,11680"/><property name="ro.boot_recovery" value="0"/><property name="ro.ril.gprsclass" value="10"/><property name="init.svc.thermald" value="running"/><property name="ro.com.google.gmsversion" value="4.1_r3"/><property name="ro.build.version.release" value="4.1.1"/><property name="wlan.poke_helper.pid" value="215"/><property name="net.tcp.buffersize.hspa" value="4092,87380,704512,4096,16384,262144"/><property name="ro.telephony.call_ring.multiple" value="false"/><property name="init.svc.SMD-daemon" value="running"/><property name="lpa.use-stagefright" value="true"/><property name="gsm.current.phone-type" value="1"/><property name="ro.opengles.version" value="131072"/><property name="media.stagefright.enable-player" value="true"/><property name="init.svc.qcom-c_core-sh" value="stopped"/><property name="init.svc.powersnd" value="stopped"/><property name="ro.csc.sales_code" value="ATT"/><property name="dhcp.wlan0.reason" value="REBOOT"/><property name="dhcp.wlan0.mask" value="255.255.254.0"/><property name="init.svc.installd" value="running"/><property name="dhcp.wlan0.leasetime" value="259200"/><property name="init.svc.poke_helper" value="running"/><property name="dhcp.wlan0.gateway" value="10.22.128.1"/><property name="ro.hdmi.enable" value="true"/><property name="ro.wifi.channels" value=""/><property name="init.svc.qcom-post-boot" value="stopped"/><property name="net.qtaguid_enabled" value="1"/><property name="init.svc.macloader" value="stopped"/><property name="net.nw.cache.weightadvstep" value="3600000"/></properties><testcase classname="com.etherealnation.gen10.MainActivityTest" name="testOnCreate" time="0.3380"/></testsuite></testsuites>